2024-09-20 15:05:41,896 INFO: Flog startup [in /home/tingchieh/Documents/flask-study/app/__init__.py:60]
2024-09-20 15:05:41,897 INFO: 19dc547d60e6421ab862b8ea304ac0ff [in /home/tingchieh/Documents/flask-study/app/__init__.py:61]
2024-09-23 11:30:58,628 INFO: Flog startup [in /home/tingchieh/Documents/flask-study/app/__init__.py:60]
2024-09-23 11:30:58,628 INFO: 19dc547d60e6421ab862b8ea304ac0ff [in /home/tingchieh/Documents/flask-study/app/__init__.py:61]
2024-09-23 14:40:46,591 INFO: Flog startup [in /home/tingchieh/Documents/flask-study/app/__init__.py:60]
2024-09-23 14:40:46,591 INFO: 19dc547d60e6421ab862b8ea304ac0ff [in /home/tingchieh/Documents/flask-study/app/__init__.py:61]
2024-09-23 14:48:26,329 INFO: Flog startup [in /home/tingchieh/Documents/flask-study/app/__init__.py:60]
2024-09-23 14:48:26,329 INFO: 19dc547d60e6421ab862b8ea304ac0ff [in /home/tingchieh/Documents/flask-study/app/__init__.py:61]
2024-09-23 14:49:31,599 INFO: Flog startup [in /home/tingchieh/Documents/flask-study/app/__init__.py:60]
2024-09-23 14:49:31,599 INFO: 19dc547d60e6421ab862b8ea304ac0ff [in /home/tingchieh/Documents/flask-study/app/__init__.py:61]
2024-09-23 15:31:23,459 INFO: Flog startup [in /home/tingchieh/Documents/flask-study/app/__init__.py:60]
2024-09-23 15:31:23,459 INFO: 19dc547d60e6421ab862b8ea304ac0ff [in /home/tingchieh/Documents/flask-study/app/__init__.py:61]
2024-09-23 15:31:41,119 INFO: Flog startup [in /home/tingchieh/Documents/flask-study/app/__init__.py:60]
2024-09-23 15:31:41,119 INFO: 19dc547d60e6421ab862b8ea304ac0ff [in /home/tingchieh/Documents/flask-study/app/__init__.py:61]
2024-09-23 15:32:43,028 INFO: Flog startup [in /home/tingchieh/Documents/flask-study/app/__init__.py:60]
2024-09-23 15:32:43,028 INFO: 19dc547d60e6421ab862b8ea304ac0ff [in /home/tingchieh/Documents/flask-study/app/__init__.py:61]
2024-09-23 15:32:47,320 INFO: Flog startup [in /home/tingchieh/Documents/flask-study/app/__init__.py:60]
2024-09-23 15:32:47,320 INFO: 19dc547d60e6421ab862b8ea304ac0ff [in /home/tingchieh/Documents/flask-study/app/__init__.py:61]
2024-09-23 15:32:48,767 INFO: Flog startup [in /home/tingchieh/Documents/flask-study/app/__init__.py:60]
2024-09-23 15:32:48,767 INFO: 19dc547d60e6421ab862b8ea304ac0ff [in /home/tingchieh/Documents/flask-study/app/__init__.py:61]
2024-09-23 15:32:53,035 INFO: Flog startup [in /home/tingchieh/Documents/flask-study/app/__init__.py:60]
2024-09-23 15:32:53,035 INFO: 19dc547d60e6421ab862b8ea304ac0ff [in /home/tingchieh/Documents/flask-study/app/__init__.py:61]
2024-09-23 15:35:18,203 INFO: Flog startup [in /home/tingchieh/Documents/flask-study/app/__init__.py:60]
2024-09-23 15:35:18,203 INFO: 19dc547d60e6421ab862b8ea304ac0ff [in /home/tingchieh/Documents/flask-study/app/__init__.py:61]
2024-09-23 15:37:07,328 INFO: Flog startup [in /home/tingchieh/Documents/flask-study/app/__init__.py:60]
2024-09-23 15:37:07,328 INFO: 19dc547d60e6421ab862b8ea304ac0ff [in /home/tingchieh/Documents/flask-study/app/__init__.py:61]
2024-09-23 15:38:26,745 INFO: Flog startup [in /home/tingchieh/Documents/flask-study/app/__init__.py:60]
2024-09-23 15:38:26,745 INFO: 19dc547d60e6421ab862b8ea304ac0ff [in /home/tingchieh/Documents/flask-study/app/__init__.py:61]
2024-09-23 15:39:05,399 ERROR: Exception on /post/32/edit [POST] [in /home/tingchieh/Documents/flask-study/.venv/lib/python3.12/site-packages/flask/app.py:838]
Traceback (most recent call last):
  File "/home/tingchieh/Documents/flask-study/.venv/lib/python3.12/site-packages/flask/app.py", line 1473, in wsgi_app
    response = self.full_dispatch_request()
               ^^^^^^^^^^^^^^^^^^^^^^^^^^^^
  File "/home/tingchieh/Documents/flask-study/.venv/lib/python3.12/site-packages/flask/app.py", line 882, in full_dispatch_request
    rv = self.handle_user_exception(e)
         ^^^^^^^^^^^^^^^^^^^^^^^^^^^^^
  File "/home/tingchieh/Documents/flask-study/.venv/lib/python3.12/site-packages/flask/app.py", line 880, in full_dispatch_request
    rv = self.dispatch_request()
         ^^^^^^^^^^^^^^^^^^^^^^^
  File "/home/tingchieh/Documents/flask-study/.venv/lib/python3.12/site-packages/flask/app.py", line 865, in dispatch_request
    return self.ensure_sync(self.view_functions[rule.endpoint])(**view_args)  # type: ignore[no-any-return]
           ^^^^^^^^^^^^^^^^^^^^^^^^^^^^^^^^^^^^^^^^^^^^^^^^^^^^^^^^^^^^^^^^^
  File "/home/tingchieh/Documents/flask-study/.venv/lib/python3.12/site-packages/flask_login/utils.py", line 290, in decorated_view
    return current_app.ensure_sync(func)(*args, **kwargs)
           ^^^^^^^^^^^^^^^^^^^^^^^^^^^^^^^^^^^^^^^^^^^^^^
  File "/home/tingchieh/Documents/flask-study/app/routes.py", line 634, in edit_post
    post.title = form.post.title
                 ^^^^^^^^^^^^^^^
AttributeError: 'CKEditorField' object has no attribute 'title'
2024-09-23 15:40:41,758 INFO: Flog startup [in /home/tingchieh/Documents/flask-study/app/__init__.py:60]
2024-09-23 15:40:41,758 INFO: 19dc547d60e6421ab862b8ea304ac0ff [in /home/tingchieh/Documents/flask-study/app/__init__.py:61]
2024-09-23 15:41:01,581 ERROR: Exception on /post/32/edit [POST] [in /home/tingchieh/Documents/flask-study/.venv/lib/python3.12/site-packages/flask/app.py:838]
Traceback (most recent call last):
  File "/home/tingchieh/Documents/flask-study/.venv/lib/python3.12/site-packages/flask/app.py", line 1473, in wsgi_app
    response = self.full_dispatch_request()
               ^^^^^^^^^^^^^^^^^^^^^^^^^^^^
  File "/home/tingchieh/Documents/flask-study/.venv/lib/python3.12/site-packages/flask/app.py", line 882, in full_dispatch_request
    rv = self.handle_user_exception(e)
         ^^^^^^^^^^^^^^^^^^^^^^^^^^^^^
  File "/home/tingchieh/Documents/flask-study/.venv/lib/python3.12/site-packages/flask/app.py", line 880, in full_dispatch_request
    rv = self.dispatch_request()
         ^^^^^^^^^^^^^^^^^^^^^^^
  File "/home/tingchieh/Documents/flask-study/.venv/lib/python3.12/site-packages/flask/app.py", line 865, in dispatch_request
    return self.ensure_sync(self.view_functions[rule.endpoint])(**view_args)  # type: ignore[no-any-return]
           ^^^^^^^^^^^^^^^^^^^^^^^^^^^^^^^^^^^^^^^^^^^^^^^^^^^^^^^^^^^^^^^^^
  File "/home/tingchieh/Documents/flask-study/.venv/lib/python3.12/site-packages/flask_login/utils.py", line 290, in decorated_view
    return current_app.ensure_sync(func)(*args, **kwargs)
           ^^^^^^^^^^^^^^^^^^^^^^^^^^^^^^^^^^^^^^^^^^^^^^
  File "/home/tingchieh/Documents/flask-study/app/routes.py", line 634, in edit_post
    post.title = form.post.title
                 ^^^^^^^^^^^^^^^
AttributeError: 'CKEditorField' object has no attribute 'title'
2024-09-23 20:36:46,248 INFO: Flog startup [in /home/tingchieh/Documents/flask-study/app/__init__.py:60]
2024-09-23 20:36:46,248 INFO: 19dc547d60e6421ab862b8ea304ac0ff [in /home/tingchieh/Documents/flask-study/app/__init__.py:61]
2024-09-23 20:42:14,375 INFO: Flog startup [in /home/tingchieh/Documents/flask-study/app/__init__.py:60]
2024-09-23 20:42:14,375 INFO: 19dc547d60e6421ab862b8ea304ac0ff [in /home/tingchieh/Documents/flask-study/app/__init__.py:61]
2024-09-23 20:51:09,151 INFO: Flog startup [in /home/tingchieh/Documents/flask-study/app/__init__.py:60]
2024-09-23 20:51:09,151 INFO: b699690623de4f8a9bfcb051c2db0145 [in /home/tingchieh/Documents/flask-study/app/__init__.py:61]
2024-09-23 20:54:31,060 INFO: Flog startup [in /home/tingchieh/Documents/flask-study/app/__init__.py:60]
2024-09-23 20:54:31,060 INFO: b699690623de4f8a9bfcb051c2db0145 [in /home/tingchieh/Documents/flask-study/app/__init__.py:61]
2024-09-23 20:54:39,347 INFO: Flog startup [in /home/tingchieh/Documents/flask-study/app/__init__.py:60]
2024-09-23 20:54:39,347 INFO: b699690623de4f8a9bfcb051c2db0145 [in /home/tingchieh/Documents/flask-study/app/__init__.py:61]
2024-09-23 20:58:04,179 INFO: Flog startup [in /home/tingchieh/Documents/flask-study/app/__init__.py:60]
2024-09-23 20:58:04,180 INFO: b699690623de4f8a9bfcb051c2db0145 [in /home/tingchieh/Documents/flask-study/app/__init__.py:61]
2024-09-23 21:09:18,170 INFO: Flog startup [in /home/tingchieh/Documents/flask-study/app/__init__.py:60]
2024-09-23 21:09:18,170 INFO: b699690623de4f8a9bfcb051c2db0145 [in /home/tingchieh/Documents/flask-study/app/__init__.py:61]
2024-09-23 21:12:17,353 INFO: Flog startup [in /home/tingchieh/Documents/flask-study/app/__init__.py:60]
2024-09-23 21:12:17,353 INFO: b699690623de4f8a9bfcb051c2db0145 [in /home/tingchieh/Documents/flask-study/app/__init__.py:61]
